{"/workspace/Unit-testing-withJest/app.js": {"path":"/workspace/Unit-testing-withJest/app.js","statementMap":{"0":{"start":{"line":2,"column":16},"end":{"line":6,"column":1}},"1":{"start":{"line":9,"column":25},"end":{"line":14,"column":1}},"2":{"start":{"line":11,"column":24},"end":{"line":11,"column":54}},"3":{"start":{"line":13,"column":4},"end":{"line":13,"column":25}},"4":{"start":{"line":16,"column":24},"end":{"line":21,"column":1}},"5":{"start":{"line":18,"column":21},"end":{"line":18,"column":53}},"6":{"start":{"line":20,"column":4},"end":{"line":20,"column":41}},"7":{"start":{"line":23,"column":24},"end":{"line":28,"column":1}},"8":{"start":{"line":25,"column":22},"end":{"line":25,"column":51}},"9":{"start":{"line":27,"column":4},"end":{"line":27,"column":42}},"10":{"start":{"line":30,"column":0},"end":{"line":30,"column":33}},"11":{"start":{"line":31,"column":0},"end":{"line":31,"column":32}},"12":{"start":{"line":32,"column":0},"end":{"line":32,"column":31}},"13":{"start":{"line":36,"column":0},"end":{"line":36,"column":71}}},"fnMap":{"0":{"name":"(anonymous_0)","decl":{"start":{"line":9,"column":25},"end":{"line":9,"column":26}},"loc":{"start":{"line":9,"column":46},"end":{"line":14,"column":1}},"line":9},"1":{"name":"(anonymous_1)","decl":{"start":{"line":16,"column":24},"end":{"line":16,"column":25}},"loc":{"start":{"line":16,"column":47},"end":{"line":21,"column":1}},"line":16},"2":{"name":"(anonymous_2)","decl":{"start":{"line":23,"column":24},"end":{"line":23,"column":25}},"loc":{"start":{"line":23,"column":44},"end":{"line":28,"column":1}},"line":23}},"branchMap":{},"s":{"0":1,"1":1,"2":2,"3":2,"4":1,"5":2,"6":2,"7":1,"8":2,"9":2,"10":1,"11":1,"12":1,"13":1},"f":{"0":2,"1":2,"2":2},"b":{},"_coverageSchema":"1a1c01bbd47fc00a2c39e90264f33305004495a9","hash":"5e3463895f653daa755c9d99a8880addff7b32c4"}
}
